{
  "0 debug pnpm:scope": {
    "selected": 1
  },
  "1 info pnpm": {
    "err": {
      "name": "Error",
      "message": "not found: insta",
      "code": "ENOENT",
      "stack": "Error: not found: insta\n    at getNotFoundError (C:\\Users\\Administrator\\AppData\\Roaming\\npm\\node_modules\\pnpm\\dist\\pnpm.cjs:41493:51)\n    at Function.whichSync [as sync] (C:\\Users\\Administrator\\AppData\\Roaming\\npm\\node_modules\\pnpm\\dist\\pnpm.cjs:41570:13)\n    at getCommandAbsolutePathSync (C:\\Users\\Administrator\\AppData\\Roaming\\npm\\node_modules\\pnpm\\dist\\pnpm.cjs:43135:44)\n    at default_1 (C:\\Users\\Administrator\\AppData\\Roaming\\npm\\node_modules\\pnpm\\dist\\pnpm.cjs:43144:32)\n    at C:\\Users\\Administrator\\AppData\\Roaming\\npm\\node_modules\\pnpm\\dist\\pnpm.cjs:176351:39"
    }
  },
  "2 error pnpm": {
    "code": "ERR_PNPM_RECURSIVE_EXEC_FIRST_FAIL",
    "prefix": "E:\\workspace\\project",
    "err": {
      "name": "pnpm",
      "message": "not found: insta",
      "code": "ERR_PNPM_RECURSIVE_EXEC_FIRST_FAIL",
      "stack": "Error: not found: insta\n    at getNotFoundError (C:\\Users\\Administrator\\AppData\\Roaming\\npm\\node_modules\\pnpm\\dist\\pnpm.cjs:41493:51)\n    at Function.whichSync [as sync] (C:\\Users\\Administrator\\AppData\\Roaming\\npm\\node_modules\\pnpm\\dist\\pnpm.cjs:41570:13)\n    at getCommandAbsolutePathSync (C:\\Users\\Administrator\\AppData\\Roaming\\npm\\node_modules\\pnpm\\dist\\pnpm.cjs:43135:44)\n    at default_1 (C:\\Users\\Administrator\\AppData\\Roaming\\npm\\node_modules\\pnpm\\dist\\pnpm.cjs:43144:32)\n    at C:\\Users\\Administrator\\AppData\\Roaming\\npm\\node_modules\\pnpm\\dist\\pnpm.cjs:176351:39"
    }
  }
}